<?xml version="1.0" encoding="UTF-8" ?>
<testsuite tests="8" failures="0" name="funkciok.IndexTeszt" time="0" errors="0" skipped="0">
  <properties>
[...]
</properties>
  <testcase classname="funkciok.IndexTeszt" name="indexetSzámolRekeszbenKilenc" time="0"/>
  <testcase classname="funkciok.IndexTeszt" name="indexetSzámolRekeszbenEgy" time="0"/>
  <testcase classname="funkciok.IndexTeszt" name="indexetSzámolTáblábanNégy" time="0"/>
  <testcase classname="funkciok.IndexTeszt" name="indexetSzámolRekeszbenKettő" time="0"/>
  <testcase classname="funkciok.IndexTeszt" name="indexetSzámolRekeszbenHárom" time="0"/>
  <testcase classname="funkciok.IndexTeszt" name="indexetSzámolRekeszbenNulla" time="0"/>
  <testcase classname="funkciok.IndexTeszt" name="indexetSzámolTáblábanEgy" time="0"/>
  <testcase classname="funkciok.IndexTeszt" name="indexetSzámolTáblábanHét" time="0"/>
</testsuite>